<?xml version="1.0" encoding="UTF-8"?>
<testng-results ignored="0" total="1" passed="1" failed="0" skipped="0">
  <reporter-output>
  </reporter-output>
  <suite started-at="2023-11-18T12:51:42 GMT" name="Surefire suite" finished-at="2023-11-18T12:51:42 GMT" duration-ms="64">
    <groups>
    </groups>
    <test started-at="2023-11-18T12:51:42 GMT" name="Surefire test" finished-at="2023-11-18T12:51:42 GMT" duration-ms="64">
      <class name="com.techfios.JDBC_sampleProject.AppTest">
        <test-method signature="testApp()" started-at="2023-11-18T12:51:42 GMT" name="testApp" finished-at="2023-11-18T12:51:42 GMT" duration-ms="13" status="PASS">
          <reporter-output>
          </reporter-output>
        </test-method> <!-- testApp -->
      </class> <!-- com.techfios.JDBC_sampleProject.AppTest -->
    </test> <!-- Surefire test -->
  </suite> <!-- Surefire suite -->
</testng-results>
